0 verbose cli E:\Program Files\nodejs\node.exe E:\Program Files\nodejs\node_modules\npm\bin\npm-cli.js
1 info using npm@10.9.4
2 info using node@v22.21.1
3 silly config load:file:E:\develop\nvm\v22.21.1\node_modules\npm\npmrc
4 silly config load:file:E:\1111xiangmu\Smart-Blog-System\new\smart-blog-system\frontend\user\.npmrc
5 silly config load:file:C:\Users\86188\.npmrc
6 silly config load:file:G:\node\nodejs\node_global\etc\npmrc
7 verbose title npm run build
8 verbose argv "run" "build"
9 verbose logfile logs-max:10 dir:E:\1111xiangmu\Smart-Blog-System\new\smart-blog-system\.npm-cache\_logs\2026-03-30T13_58_45_872Z-
10 verbose logfile E:\1111xiangmu\Smart-Blog-System\new\smart-blog-system\.npm-cache\_logs\2026-03-30T13_58_45_872Z-debug-0.log
11 silly logfile done cleaning log files
12 http fetch GET 200 https://registry.npmjs.org/npm 2119ms
13 verbose cwd E:\1111xiangmu\Smart-Blog-System\new\smart-blog-system\frontend\user
14 verbose os Windows_NT 10.0.22631
15 verbose node v22.21.1
16 verbose npm  v10.9.4
17 notice
17 notice New [31mmajor[39m version of npm available! [31m10.9.4[39m -> [34m11.12.1[39m
17 notice Changelog: [34mhttps://github.com/npm/cli/releases/tag/v11.12.1[39m
17 notice To update run: [4mnpm install -g npm@11.12.1[24m
17 notice  { force: true, [Symbol(proc-log.meta)]: true }
18 verbose exit 0
19 info ok
